<?xml version="1.0" encoding="UTF-8"?>
<!-- Generated by org.testng.reporters.JUnitXMLReporter -->
<testsuite ignored="0" hostname="LAPTOP-S0KP3O09" failures="0" tests="7" name="Test" time="10.758" errors="0" timestamp="27 May 2022 14:58:19 GMT">
  <testcase classname="thinkBridge.com.UITesting.testcases.SignUpPageTestcases" name="TC001_VerifyUITextboxes" time="0.096"/>
  <testcase classname="thinkBridge.com.UITesting.testcases.SignUpPageTestcases" name="TC002_VerifyDropdownItems" time="0.401"/>
  <testcase classname="thinkBridge.com.UITesting.testcases.SignUpPageTestcases" name="TC003_VerifyEmail" time="0.935"/>
  <testcase classname="thinkBridge.com.UITesting.testcases.SignUpPageTestcases" name="TC003_VerifyOrganization" time="1.118"/>
  <testcase classname="thinkBridge.com.UITesting.testcases.SignUpPageTestcases" name="TC003_VerifyfullName" time="1.142"/>
  <testcase classname="thinkBridge.com.UITesting.testcases.SignUpPageTestcases" name="TC004_VerifyOrganization" time="0.837"/>
  <testcase classname="thinkBridge.com.UITesting.testcases.SignUpPageTestcases" name="TC005_VerifyOrganization" time="5.446"/>
</testsuite> <!-- Test -->
