<?xml version="1.0" encoding="UTF-8"?>
<testng-results ignored="0" total="7" passed="7" failed="0" skipped="0">
  <reporter-output>
  </reporter-output>
  <suite started-at="2022-05-27T14:58:08Z" name="Suite" finished-at="2022-05-27T14:58:19Z" duration-ms="10758">
    <groups>
    </groups>
    <test started-at="2022-05-27T14:58:08Z" name="Test" finished-at="2022-05-27T14:58:19Z" duration-ms="10758">
      <class name="thinkBridge.com.UITesting.testcases.SignUpPageTestcases">
        <test-method is-config="true" signature="setUp()[pri:0, instance:thinkBridge.com.UITesting.testcases.SignUpPageTestcases@768fc0f2]" started-at="2022-05-27T20:27:57Z" name="setUp" finished-at="2022-05-27T20:28:08Z" duration-ms="11532" status="PASS">
          <reporter-output>
          </reporter-output>
        </test-method> <!-- setUp -->
        <test-method is-config="true" signature="startTest()[pri:0, instance:thinkBridge.com.UITesting.testcases.SignUpPageTestcases@768fc0f2]" started-at="2022-05-27T20:28:08Z" name="startTest" finished-at="2022-05-27T20:28:09Z" duration-ms="411" status="PASS">
          <reporter-output>
          </reporter-output>
        </test-method> <!-- startTest -->
        <test-method signature="TC001_VerifyUITextboxes()[pri:0, instance:thinkBridge.com.UITesting.testcases.SignUpPageTestcases@768fc0f2]" started-at="2022-05-27T20:28:09Z" name="TC001_VerifyUITextboxes" finished-at="2022-05-27T20:28:09Z" duration-ms="96" status="PASS">
          <reporter-output>
          </reporter-output>
        </test-method> <!-- TC001_VerifyUITextboxes -->
        <test-method signature="TC002_VerifyDropdownItems()[pri:0, instance:thinkBridge.com.UITesting.testcases.SignUpPageTestcases@768fc0f2]" started-at="2022-05-27T20:28:09Z" name="TC002_VerifyDropdownItems" finished-at="2022-05-27T20:28:09Z" duration-ms="401" status="PASS">
          <reporter-output>
          </reporter-output>
        </test-method> <!-- TC002_VerifyDropdownItems -->
        <test-method signature="TC003_VerifyEmail()[pri:0, instance:thinkBridge.com.UITesting.testcases.SignUpPageTestcases@768fc0f2]" started-at="2022-05-27T20:28:09Z" name="TC003_VerifyEmail" finished-at="2022-05-27T20:28:10Z" duration-ms="935" status="PASS">
          <reporter-output>
          </reporter-output>
        </test-method> <!-- TC003_VerifyEmail -->
        <test-method signature="TC003_VerifyOrganization()[pri:0, instance:thinkBridge.com.UITesting.testcases.SignUpPageTestcases@768fc0f2]" started-at="2022-05-27T20:28:10Z" name="TC003_VerifyOrganization" finished-at="2022-05-27T20:28:11Z" duration-ms="1118" status="PASS">
          <reporter-output>
          </reporter-output>
        </test-method> <!-- TC003_VerifyOrganization -->
        <test-method signature="TC003_VerifyfullName()[pri:0, instance:thinkBridge.com.UITesting.testcases.SignUpPageTestcases@768fc0f2]" started-at="2022-05-27T20:28:11Z" name="TC003_VerifyfullName" finished-at="2022-05-27T20:28:13Z" duration-ms="1142" status="PASS">
          <reporter-output>
          </reporter-output>
        </test-method> <!-- TC003_VerifyfullName -->
        <test-method signature="TC004_VerifyOrganization()[pri:0, instance:thinkBridge.com.UITesting.testcases.SignUpPageTestcases@768fc0f2]" started-at="2022-05-27T20:28:13Z" name="TC004_VerifyOrganization" finished-at="2022-05-27T20:28:13Z" duration-ms="837" status="PASS">
          <reporter-output>
          </reporter-output>
        </test-method> <!-- TC004_VerifyOrganization -->
        <test-method signature="TC005_VerifyOrganization()[pri:0, instance:thinkBridge.com.UITesting.testcases.SignUpPageTestcases@768fc0f2]" started-at="2022-05-27T20:28:13Z" name="TC005_VerifyOrganization" finished-at="2022-05-27T20:28:19Z" duration-ms="5446" status="PASS">
          <reporter-output>
          </reporter-output>
        </test-method> <!-- TC005_VerifyOrganization -->
        <test-method is-config="true" signature="endTest()[pri:0, instance:thinkBridge.com.UITesting.testcases.SignUpPageTestcases@768fc0f2]" started-at="2022-05-27T20:28:19Z" name="endTest" finished-at="2022-05-27T20:28:19Z" duration-ms="351" status="PASS">
          <reporter-output>
          </reporter-output>
        </test-method> <!-- endTest -->
      </class> <!-- thinkBridge.com.UITesting.testcases.SignUpPageTestcases -->
    </test> <!-- Test -->
  </suite> <!-- Suite -->
</testng-results>
